#
# There is insufficient memory for the Java Runtime Environment to continue.
# Native memory allocation (mmap) failed to map 536870912 bytes for G1 virtual space
# Possible reasons:
#   The system is out of physical RAM or swap space
#   The process is running with CompressedOops enabled, and the Java Heap may be blocking the growth of the native heap
# Possible solutions:
#   Reduce memory load on the system
#   Increase physical memory or swap space
#   Check if swap backing store is full
#   Decrease Java heap size (-Xmx/-Xms)
#   Decrease number of Java threads
#   Decrease Java thread stack sizes (-Xss)
#   Set larger code cache with -XX:ReservedCodeCacheSize=
#   JVM is running with Zero Based Compressed Oops mode in which the Java heap is
#     placed in the first 32GB address space. The Java Heap base address is the
#     maximum limit for the native heap growth. Please use -XX:HeapBaseMinAddress
#     to set the Java Heap base and to place the Java Heap above 32GB virtual address.
# This output file may be truncated or incomplete.
#
#  Out of Memory Error (os_windows.cpp:3600), pid=11744, tid=12380
#
# JRE version:  (21.0.2+13) (build )
# Java VM: Java HotSpot(TM) 64-Bit Server VM (21.0.2+13-LTS-58, mixed mode, sharing, tiered, compressed oops, compressed class ptrs, g1 gc, windows-amd64)
# No core dump will be written. Minidumps are not enabled by default on client versions of Windows
#

---------------  S U M M A R Y ------------

Command Line: -Dfile.encoding=UTF-8 -Dstdout.encoding=UTF-8 -Dstderr.encoding=UTF-8 --module-path=C:\Users\augur\OneDrive\Documents\eclipse-workspace\demo_static\bin -XX:+ShowCodeDetailsInExceptionMessages -Djdk.module.main=demo_static demo_static/controller.TestController

Host: 12th Gen Intel(R) Core(TM) i7-1265U, 12 cores, 31G,  Windows 11 , 64 bit Build 22621 (10.0.22621.3085)
Time: Tue Mar  5 17:40:22 2024 Paris, Madrid elapsed time: 0.029125 seconds (0d 0h 0m 0s)

---------------  T H R E A D  ---------------

Current thread (0x0000023ed4809210):  JavaThread "Unknown thread" [_thread_in_vm, id=12380, stack(0x000000a3eb000000,0x000000a3eb100000) (1024K)]

Stack: [0x000000a3eb000000,0x000000a3eb100000]
Native frames: (J=compiled Java code, j=interpreted, Vv=VM code, C=native code)
V  [jvm.dll+0x6cade9]
V  [jvm.dll+0x8569c1]
V  [jvm.dll+0x858d2e]
V  [jvm.dll+0x859413]
V  [jvm.dll+0x280e56]
V  [jvm.dll+0x6c74d5]
V  [jvm.dll+0x6bbeca]
V  [jvm.dll+0x355bca]
V  [jvm.dll+0x35d816]
V  [jvm.dll+0x3ae67e]
V  [jvm.dll+0x3ae928]
V  [jvm.dll+0x3295dc]
V  [jvm.dll+0x32a16b]
V  [jvm.dll+0x81efa9]
V  [jvm.dll+0x3bba01]
V  [jvm.dll+0x807928]
V  [jvm.dll+0x44f50e]
V  [jvm.dll+0x450e11]
C  [jli.dll+0x52a3]
C  [ucrtbase.dll+0x29363]
C  [KERNEL32.DLL+0x1257d]
C  [ntdll.dll+0x5aa58]


---------------  P R O C E S S  ---------------

Threads class SMR info:
_java_thread_list=0x00007ff99916bb88, length=0, elements={
}

Java Threads: ( => current thread )
Total: 0

Other Threads:
  0x0000023ed6a0f1e0 WorkerThread "GC Thread#0"                     [id=26284, stack(0x000000a3eb100000,0x000000a3eb200000) (1024K)]
  0x0000023ed6a20960 ConcurrentGCThread "G1 Main Marker"            [id=23484, stack(0x000000a3eb200000,0x000000a3eb300000) (1024K)]
  0x0000023ed6a21370 WorkerThread "G1 Conc#0"                       [id=23864, stack(0x000000a3eb300000,0x000000a3eb400000) (1024K)]

[error occurred during error reporting (printing all threads), id 0xc0000005, EXCEPTION_ACCESS_VIOLATION (0xc0000005) at pc=0x00007ff9988dc6a7]
VM state: not at safepoint (not fully initialized)

VM Mutex/Monitor currently owned by a thread:  ([mutex/lock_event])
[0x00007ff9991dce68] Heap_lock - owner thread: 0x0000023ed4809210

Heap address: 0x0000000602800000, size: 8152 MB, Compressed Oops mode: Zero based, Oop shift amount: 3

CDS archive(s) mapped at: [0x0000000000000000-0x0000000000000000-0x0000000000000000), size 0, SharedBaseAddress: 0x0000000800000000, ArchiveRelocationMode: 1.
Narrow klass base: 0x0000000000000000, Narrow klass shift: 0, Narrow klass range: 0x0

GC Precious Log:
 CardTable entry size: 512
 Card Set container configuration: InlinePtr #cards 4 size 8 Array Of Cards #cards 32 size 80 Howl #buckets 8 coarsen threshold 7372 Howl Bitmap #cards 1024 size 144 coarsen threshold 921 Card regions per heap region 1 cards per card region 8192

Heap:
 garbage-first heap   total 0K, used 0K [0x0000000602800000, 0x0000000800000000)
  region size 4096K, 0 young (0K), 0 survivors (0K)

[error occurred during error reporting (printing heap information), id 0xc0000005, EXCEPTION_ACCESS_VIOLATION (0xc0000005) at pc=0x00007ff998cc39f9]
GC Heap History (0 events):
No events

Dll operation events (1 events):
Event: 0.020 Loaded shared library C:\Program Files\Java\jdk-21\bin\java.dll

Deoptimization events (0 events):
No events

Classes loaded (0 events):
No events

Classes unloaded (0 events):
No events

Classes redefined (0 events):
No events

Internal exceptions (0 events):
No events

ZGC Phase Switch (0 events):
No events

VM Operations (0 events):
No events

Events (0 events):
No events


Dynamic libraries:
0x00007ff74edf0000 - 0x00007ff74ee00000 	C:\Program Files\Java\jdk-21\bin\javaw.exe
0x00007ff9e1570000 - 0x00007ff9e1787000 	C:\Windows\SYSTEM32\ntdll.dll
0x00007ff9e0250000 - 0x00007ff9e0314000 	C:\Windows\System32\KERNEL32.DLL
0x00007ff9de9d0000 - 0x00007ff9ded76000 	C:\Windows\System32\KERNELBASE.dll
0x00007ff9dee50000 - 0x00007ff9def61000 	C:\Windows\System32\ucrtbase.dll
0x00007ff9d7ce0000 - 0x00007ff9d7cf9000 	C:\Program Files\Java\jdk-21\bin\jli.dll
0x00007ff9dfdf0000 - 0x00007ff9dfea3000 	C:\Windows\System32\ADVAPI32.dll
0x00007ff9e13f0000 - 0x00007ff9e1497000 	C:\Windows\System32\msvcrt.dll
0x00007ff9d7cc0000 - 0x00007ff9d7cdb000 	C:\Program Files\Java\jdk-21\bin\VCRUNTIME140.dll
0x00007ff9e08a0000 - 0x00007ff9e0948000 	C:\Windows\System32\sechost.dll
0x00007ff9def70000 - 0x00007ff9def98000 	C:\Windows\System32\bcrypt.dll
0x00007ff9e0780000 - 0x00007ff9e0897000 	C:\Windows\System32\RPCRT4.dll
0x00007ff9e00a0000 - 0x00007ff9e024e000 	C:\Windows\System32\USER32.dll
0x00007ff9dee20000 - 0x00007ff9dee46000 	C:\Windows\System32\win32u.dll
0x00007ff9df920000 - 0x00007ff9df949000 	C:\Windows\System32\GDI32.dll
0x00007ff9cfa10000 - 0x00007ff9cfca3000 	C:\Windows\WinSxS\amd64_microsoft.windows.common-controls_6595b64144ccf1df_6.0.22621.2506_none_270c5ae97388e100\COMCTL32.dll
0x00007ff9de8b0000 - 0x00007ff9de9c8000 	C:\Windows\System32\gdi32full.dll
0x00007ff9ded80000 - 0x00007ff9dee1a000 	C:\Windows\System32\msvcp_win.dll
0x00007ff9d0260000 - 0x00007ff9d026a000 	C:\Windows\SYSTEM32\VERSION.dll
0x00007ff9e0050000 - 0x00007ff9e0081000 	C:\Windows\System32\IMM32.DLL
0x00007ff9da490000 - 0x00007ff9da49c000 	C:\Program Files\Java\jdk-21\bin\vcruntime140_1.dll
0x00007ff9d7c30000 - 0x00007ff9d7cbe000 	C:\Program Files\Java\jdk-21\bin\msvcp140.dll
0x00007ff9985a0000 - 0x00007ff9992b7000 	C:\Program Files\Java\jdk-21\bin\server\jvm.dll
0x00007ff9e0950000 - 0x00007ff9e09c1000 	C:\Windows\System32\WS2_32.dll
0x00007ff9dd700000 - 0x00007ff9dd74d000 	C:\Windows\SYSTEM32\POWRPROF.dll
0x00007ff9d5870000 - 0x00007ff9d58a4000 	C:\Windows\SYSTEM32\WINMM.dll
0x00007ff9dd6e0000 - 0x00007ff9dd6f3000 	C:\Windows\SYSTEM32\UMPDC.dll
0x00007ff9dd9a0000 - 0x00007ff9dd9b8000 	C:\Windows\SYSTEM32\kernel.appcore.dll
0x00007ff9d7c20000 - 0x00007ff9d7c2a000 	C:\Program Files\Java\jdk-21\bin\jimage.dll
0x00007ff9dbd10000 - 0x00007ff9dbf43000 	C:\Windows\SYSTEM32\DBGHELP.DLL
0x00007ff9df950000 - 0x00007ff9dfcd9000 	C:\Windows\System32\combase.dll
0x00007ff9e0540000 - 0x00007ff9e0617000 	C:\Windows\System32\OLEAUT32.dll
0x00007ff9cf9d0000 - 0x00007ff9cfa02000 	C:\Windows\SYSTEM32\dbgcore.DLL
0x00007ff9df060000 - 0x00007ff9df0da000 	C:\Windows\System32\bcryptPrimitives.dll
0x00007ff9d7c00000 - 0x00007ff9d7c1f000 	C:\Program Files\Java\jdk-21\bin\java.dll

dbghelp: loaded successfully - version: 4.0.5 - missing functions: none
symbol engine: initialized successfully - sym options: 0x614 - pdb path: .;C:\Program Files\Java\jdk-21\bin;C:\Windows\SYSTEM32;C:\Windows\WinSxS\amd64_microsoft.windows.common-controls_6595b64144ccf1df_6.0.22621.2506_none_270c5ae97388e100;C:\Program Files\Java\jdk-21\bin\server

VM Arguments:
jvm_args: -Dfile.encoding=UTF-8 -Dstdout.encoding=UTF-8 -Dstderr.encoding=UTF-8 --module-path=C:\Users\augur\OneDrive\Documents\eclipse-workspace\demo_static\bin -XX:+ShowCodeDetailsInExceptionMessages -Djdk.module.main=demo_static 
java_command: demo_static/controller.TestController
java_class_path (initial): <not set>
Launcher Type: SUN_STANDARD

[Global flags]
     intx CICompilerCount                          = 4                                         {product} {ergonomic}
     uint ConcGCThreads                            = 3                                         {product} {ergonomic}
     uint G1ConcRefinementThreads                  = 10                                        {product} {ergonomic}
   size_t G1HeapRegionSize                         = 4194304                                   {product} {ergonomic}
    uintx GCDrainStackTargetSize                   = 64                                        {product} {ergonomic}
   size_t InitialHeapSize                          = 536870912                                 {product} {ergonomic}
   size_t MarkStackSize                            = 4194304                                   {product} {ergonomic}
   size_t MaxHeapSize                              = 8547991552                                {product} {ergonomic}
   size_t MinHeapDeltaBytes                        = 4194304                                   {product} {ergonomic}
   size_t MinHeapSize                              = 8388608                                   {product} {ergonomic}
    uintx NonNMethodCodeHeapSize                   = 5839372                                {pd product} {ergonomic}
    uintx NonProfiledCodeHeapSize                  = 122909434                              {pd product} {ergonomic}
    uintx ProfiledCodeHeapSize                     = 122909434                              {pd product} {ergonomic}
    uintx ReservedCodeCacheSize                    = 251658240                              {pd product} {ergonomic}
     bool SegmentedCodeCache                       = true                                      {product} {ergonomic}
     bool ShowCodeDetailsInExceptionMessages       = true                                   {manageable} {command line}
   size_t SoftMaxHeapSize                          = 8547991552                             {manageable} {ergonomic}
     bool UseCompressedOops                        = true                           {product lp64_product} {ergonomic}
     bool UseG1GC                                  = true                                      {product} {ergonomic}
     bool UseLargePagesIndividualAllocation        = false                                  {pd product} {ergonomic}

Logging:
Log output configuration:
 #0: stdout all=warning uptime,level,tags foldmultilines=false
 #1: stderr all=off uptime,level,tags foldmultilines=false

Environment Variables:
PATH=C:\Program Files\Common Files\Oracle\Java\javapath;C:\Windows\system32;C:\Windows;C:\Windows\System32\Wbem;C:\Windows\System32\WindowsPowerShell\v1.0\;C:\Windows\System32\OpenSSH\;C:\Program Files\Git\cmd;C:\Program Files (x86)\Microsoft SQL Server\160\DTS\Binn\;C:\Program Files\Azure Data Studio\bin;C:\Program Files (x86)\Microsoft SQL Server\160\Tools\Binn\;C:\Program Files\Microsoft SQL Server\160\Tools\Binn\;C:\Program Files\Microsoft SQL Server\Client SDK\ODBC\170\Tools\Binn\;C:\Program Files\Microsoft SQL Server\160\DTS\Binn\;C:\Program Files\nodejs\;C:\wamp64\bin\php\php8.2.0;C:\ProgramData\ComposerSetup\bin;C:\Users\augur\AppData\Local\Microsoft\WindowsApps;C:\Users\augur\AppData\Local\Programs\Microsoft VS Code\bin;C:\Program Files\Azure Data Studio\bin;C:\Users\augur\AppData\Roaming\npm;C:\wamp64\bin\symfony;C:\Users\augur\AppData\Roaming\Composer\vendor\bin
USERNAME=augur
OS=Windows_NT
PROCESSOR_IDENTIFIER=Intel64 Family 6 Model 154 Stepping 4, GenuineIntel
TMP=C:\Users\augur\AppData\Local\Temp
TEMP=C:\Users\augur\AppData\Local\Temp




Periodic native trim disabled

---------------  S Y S T E M  ---------------

OS:
 Windows 11 , 64 bit Build 22621 (10.0.22621.3085)
OS uptime: 0 days 8:53 hours
Hyper-V role detected

CPU: total 12 (initial active 12) (6 cores per cpu, 2 threads per core) family 6 model 154 stepping 4 microcode 0x429, cx8, cmov, fxsr, ht, mmx, 3dnowpref, sse, sse2, sse3, ssse3, sse4.1, sse4.2, popcnt, lzcnt, tsc, tscinvbit, avx, avx2, aes, erms, clmul, bmi1, bmi2, adx, sha, fma, vzeroupper, clflush, clflushopt, clwb, hv, serialize, rdtscp, rdpid, fsrm, f16c, cet_ibt, cet_ss
Processor Information for processor 0
  Max Mhz: 2700, Current Mhz: 1826, Mhz Limit: 1809
Processor Information for processor 1
  Max Mhz: 2700, Current Mhz: 1826, Mhz Limit: 1809
Processor Information for processor 2
  Max Mhz: 2700, Current Mhz: 1826, Mhz Limit: 1809
Processor Information for processor 3
  Max Mhz: 2700, Current Mhz: 1826, Mhz Limit: 1809
Processor Information for processor 4
  Max Mhz: 2700, Current Mhz: 1300, Mhz Limit: 1296
Processor Information for processor 5
  Max Mhz: 2700, Current Mhz: 1300, Mhz Limit: 1296
Processor Information for processor 6
  Max Mhz: 2700, Current Mhz: 1300, Mhz Limit: 1296
Processor Information for processor 7
  Max Mhz: 2700, Current Mhz: 1300, Mhz Limit: 1296
Processor Information for processor 8
  Max Mhz: 2700, Current Mhz: 1300, Mhz Limit: 1296
Processor Information for processor 9
  Max Mhz: 2700, Current Mhz: 1300, Mhz Limit: 1296
Processor Information for processor 10
  Max Mhz: 2700, Current Mhz: 1300, Mhz Limit: 1296
Processor Information for processor 11
  Max Mhz: 2700, Current Mhz: 1300, Mhz Limit: 1296

Memory: 4k page, system-wide physical 32592M (539M free)
TotalPageFile size 130896M (AvailPageFile size 13M)
current process WorkingSet (physical memory assigned to process): 11M, peak: 11M
current process commit charge ("private bytes"): 65M, peak: 576M

vm_info: Java HotSpot(TM) 64-Bit Server VM (21.0.2+13-LTS-58) for windows-amd64 JRE (21.0.2+13-LTS-58), built on 2024-01-05T18:32:24Z by "mach5one" with MS VC++ 17.1 (VS2022)

END.
