#
# There is insufficient memory for the Java Runtime Environment to continue.
# Native memory allocation (mmap) failed to map 536870912 bytes for G1 virtual space
# Possible reasons:
#   The system is out of physical RAM or swap space
#   The process is running with CompressedOops enabled, and the Java Heap may be blocking the growth of the native heap
# Possible solutions:
#   Reduce memory load on the system
#   Increase physical memory or swap space
#   Check if swap backing store is full
#   Decrease Java heap size (-Xmx/-Xms)
#   Decrease number of Java threads
#   Decrease Java thread stack sizes (-Xss)
#   Set larger code cache with -XX:ReservedCodeCacheSize=
#   JVM is running with Zero Based Compressed Oops mode in which the Java heap is
#     placed in the first 32GB address space. The Java Heap base address is the
#     maximum limit for the native heap growth. Please use -XX:HeapBaseMinAddress
#     to set the Java Heap base and to place the Java Heap above 32GB virtual address.
# This output file may be truncated or incomplete.
#
#  Out of Memory Error (os_windows.cpp:3600), pid=24792, tid=8932
#
# JRE version:  (21.0.2+13) (build )
# Java VM: Java HotSpot(TM) 64-Bit Server VM (21.0.2+13-LTS-58, mixed mode, sharing, tiered, compressed oops, compressed class ptrs, g1 gc, windows-amd64)
# No core dump will be written. Minidumps are not enabled by default on client versions of Windows
#

---------------  S U M M A R Y ------------

Command Line: -Dfile.encoding=UTF-8 -Dstdout.encoding=UTF-8 -Dstderr.encoding=UTF-8 --module-path=C:\Users\augur\OneDrive\Documents\eclipse-workspace\piscine\bin -XX:+ShowCodeDetailsInExceptionMessages -Djdk.module.main=piscine piscine/controller.NageurController

Host: 12th Gen Intel(R) Core(TM) i7-1265U, 12 cores, 31G,  Windows 11 , 64 bit Build 22621 (10.0.22621.3085)
Time: Wed Mar  6 16:39:35 2024 Paris, Madrid elapsed time: 0.044130 seconds (0d 0h 0m 0s)

---------------  T H R E A D  ---------------

Current thread (0x00000294baaec3c0):  JavaThread "Unknown thread" [_thread_in_vm, id=8932, stack(0x000000d6c7900000,0x000000d6c7a00000) (1024K)]

Stack: [0x000000d6c7900000,0x000000d6c7a00000]
Native frames: (J=compiled Java code, j=interpreted, Vv=VM code, C=native code)
V  [jvm.dll+0x6cade9]
V  [jvm.dll+0x8569c1]
V  [jvm.dll+0x858d2e]
V  [jvm.dll+0x859413]
V  [jvm.dll+0x280e56]
V  [jvm.dll+0x6c74d5]
V  [jvm.dll+0x6bbeca]
V  [jvm.dll+0x355bca]
V  [jvm.dll+0x35d816]
V  [jvm.dll+0x3ae67e]
V  [jvm.dll+0x3ae928]
V  [jvm.dll+0x3295dc]
V  [jvm.dll+0x32a16b]
V  [jvm.dll+0x81efa9]
V  [jvm.dll+0x3bba01]
V  [jvm.dll+0x807928]
V  [jvm.dll+0x44f50e]
V  [jvm.dll+0x450e11]
C  [jli.dll+0x52a3]
C  [ucrtbase.dll+0x29363]
C  [KERNEL32.DLL+0x1257d]
C  [ntdll.dll+0x5aa58]


---------------  P R O C E S S  ---------------

Threads class SMR info:
_java_thread_list=0x00007ff9468fbb88, length=0, elements={
}

Java Threads: ( => current thread )
Total: 0

Other Threads:
  0x00000294bcf2dc60 WorkerThread "GC Thread#0"                     [id=13300, stack(0x000000d6c7a00000,0x000000d6c7b00000) (1024K)]
  0x00000294bcf3ea10 ConcurrentGCThread "G1 Main Marker"            [id=18072, stack(0x000000d6c7b00000,0x000000d6c7c00000) (1024K)]
  0x00000294bcf41590 WorkerThread "G1 Conc#0"                       [id=17844, stack(0x000000d6c7c00000,0x000000d6c7d00000) (1024K)]

[error occurred during error reporting (printing all threads), id 0xc0000005, EXCEPTION_ACCESS_VIOLATION (0xc0000005) at pc=0x00007ff94606c6a7]
VM state: not at safepoint (not fully initialized)

VM Mutex/Monitor currently owned by a thread:  ([mutex/lock_event])
[0x00007ff94696ce68] Heap_lock - owner thread: 0x00000294baaec3c0

Heap address: 0x0000000602800000, size: 8152 MB, Compressed Oops mode: Zero based, Oop shift amount: 3

CDS archive(s) mapped at: [0x0000000000000000-0x0000000000000000-0x0000000000000000), size 0, SharedBaseAddress: 0x0000000800000000, ArchiveRelocationMode: 1.
Narrow klass base: 0x0000000000000000, Narrow klass shift: 0, Narrow klass range: 0x0

GC Precious Log:
 CardTable entry size: 512
 Card Set container configuration: InlinePtr #cards 4 size 8 Array Of Cards #cards 32 size 80 Howl #buckets 8 coarsen threshold 7372 Howl Bitmap #cards 1024 size 144 coarsen threshold 921 Card regions per heap region 1 cards per card region 8192

Heap:
 garbage-first heap   total 0K, used 0K [0x0000000602800000, 0x0000000800000000)
  region size 4096K, 0 young (0K), 0 survivors (0K)

[error occurred during error reporting (printing heap information), id 0xc0000005, EXCEPTION_ACCESS_VIOLATION (0xc0000005) at pc=0x00007ff9464539f9]
GC Heap History (0 events):
No events

Dll operation events (1 events):
Event: 0.026 Loaded shared library C:\Program Files\Java\jdk-21\bin\java.dll

Deoptimization events (0 events):
No events

Classes loaded (0 events):
No events

Classes unloaded (0 events):
No events

Classes redefined (0 events):
No events

Internal exceptions (0 events):
No events

ZGC Phase Switch (0 events):
No events

VM Operations (0 events):
No events

Events (0 events):
No events


Dynamic libraries:
0x00007ff793880000 - 0x00007ff793890000 	C:\Program Files\Java\jdk-21\bin\javaw.exe
0x00007ff9f0430000 - 0x00007ff9f0647000 	C:\Windows\SYSTEM32\ntdll.dll
0x00007ff9ee190000 - 0x00007ff9ee254000 	C:\Windows\System32\KERNEL32.DLL
0x00007ff9edb70000 - 0x00007ff9edf16000 	C:\Windows\System32\KERNELBASE.dll
0x00007ff9edf20000 - 0x00007ff9ee031000 	C:\Windows\System32\ucrtbase.dll
0x00007ff9a75f0000 - 0x00007ff9a760b000 	C:\Program Files\Java\jdk-21\bin\VCRUNTIME140.dll
0x00007ff9a59d0000 - 0x00007ff9a59e9000 	C:\Program Files\Java\jdk-21\bin\jli.dll
0x00007ff9f01b0000 - 0x00007ff9f0263000 	C:\Windows\System32\ADVAPI32.dll
0x00007ff9ee6f0000 - 0x00007ff9ee797000 	C:\Windows\System32\msvcrt.dll
0x00007ff9eec20000 - 0x00007ff9eecc8000 	C:\Windows\System32\sechost.dll
0x00007ff9ee150000 - 0x00007ff9ee178000 	C:\Windows\System32\bcrypt.dll
0x00007ff9ee7a0000 - 0x00007ff9ee8b7000 	C:\Windows\System32\RPCRT4.dll
0x00007ff9ef580000 - 0x00007ff9ef72e000 	C:\Windows\System32\USER32.dll
0x00007ff9edac0000 - 0x00007ff9edae6000 	C:\Windows\System32\win32u.dll
0x00007ff9ee8c0000 - 0x00007ff9ee8e9000 	C:\Windows\System32\GDI32.dll
0x00007ff9d6ee0000 - 0x00007ff9d7173000 	C:\Windows\WinSxS\amd64_microsoft.windows.common-controls_6595b64144ccf1df_6.0.22621.2506_none_270c5ae97388e100\COMCTL32.dll
0x00007ff9ed8e0000 - 0x00007ff9ed9f8000 	C:\Windows\System32\gdi32full.dll
0x00007ff9ee040000 - 0x00007ff9ee0da000 	C:\Windows\System32\msvcp_win.dll
0x00007ff9e0580000 - 0x00007ff9e058a000 	C:\Windows\SYSTEM32\VERSION.dll
0x00007ff9ef460000 - 0x00007ff9ef491000 	C:\Windows\System32\IMM32.DLL
0x00007ff9c94d0000 - 0x00007ff9c94dc000 	C:\Program Files\Java\jdk-21\bin\vcruntime140_1.dll
0x00007ff9a5940000 - 0x00007ff9a59ce000 	C:\Program Files\Java\jdk-21\bin\msvcp140.dll
0x00007ff945d30000 - 0x00007ff946a47000 	C:\Program Files\Java\jdk-21\bin\server\jvm.dll
0x00007ff9ef4a0000 - 0x00007ff9ef511000 	C:\Windows\System32\WS2_32.dll
0x00007ff9ec5c0000 - 0x00007ff9ec60d000 	C:\Windows\SYSTEM32\POWRPROF.dll
0x00007ff9e5410000 - 0x00007ff9e5444000 	C:\Windows\SYSTEM32\WINMM.dll
0x00007ff9ec5a0000 - 0x00007ff9ec5b3000 	C:\Windows\SYSTEM32\UMPDC.dll
0x00007ff9ec860000 - 0x00007ff9ec878000 	C:\Windows\SYSTEM32\kernel.appcore.dll
0x00007ff9a75e0000 - 0x00007ff9a75ea000 	C:\Program Files\Java\jdk-21\bin\jimage.dll
0x00007ff9dd170000 - 0x00007ff9dd3a3000 	C:\Windows\SYSTEM32\DBGHELP.DLL
0x00007ff9eecd0000 - 0x00007ff9ef059000 	C:\Windows\System32\combase.dll
0x00007ff9ef2f0000 - 0x00007ff9ef3c7000 	C:\Windows\System32\OLEAUT32.dll
0x00007ff9d6e70000 - 0x00007ff9d6ea2000 	C:\Windows\SYSTEM32\dbgcore.DLL
0x00007ff9edaf0000 - 0x00007ff9edb6a000 	C:\Windows\System32\bcryptPrimitives.dll
0x00007ff9a5920000 - 0x00007ff9a593f000 	C:\Program Files\Java\jdk-21\bin\java.dll

dbghelp: loaded successfully - version: 4.0.5 - missing functions: none
symbol engine: initialized successfully - sym options: 0x614 - pdb path: .;C:\Program Files\Java\jdk-21\bin;C:\Windows\SYSTEM32;C:\Windows\WinSxS\amd64_microsoft.windows.common-controls_6595b64144ccf1df_6.0.22621.2506_none_270c5ae97388e100;C:\Program Files\Java\jdk-21\bin\server

VM Arguments:
jvm_args: -Dfile.encoding=UTF-8 -Dstdout.encoding=UTF-8 -Dstderr.encoding=UTF-8 --module-path=C:\Users\augur\OneDrive\Documents\eclipse-workspace\piscine\bin -XX:+ShowCodeDetailsInExceptionMessages -Djdk.module.main=piscine 
java_command: piscine/controller.NageurController
java_class_path (initial): <not set>
Launcher Type: SUN_STANDARD

[Global flags]
     intx CICompilerCount                          = 4                                         {product} {ergonomic}
     uint ConcGCThreads                            = 3                                         {product} {ergonomic}
     uint G1ConcRefinementThreads                  = 10                                        {product} {ergonomic}
   size_t G1HeapRegionSize                         = 4194304                                   {product} {ergonomic}
    uintx GCDrainStackTargetSize                   = 64                                        {product} {ergonomic}
   size_t InitialHeapSize                          = 536870912                                 {product} {ergonomic}
   size_t MarkStackSize                            = 4194304                                   {product} {ergonomic}
   size_t MaxHeapSize                              = 8547991552                                {product} {ergonomic}
   size_t MinHeapDeltaBytes                        = 4194304                                   {product} {ergonomic}
   size_t MinHeapSize                              = 8388608                                   {product} {ergonomic}
    uintx NonNMethodCodeHeapSize                   = 5839372                                {pd product} {ergonomic}
    uintx NonProfiledCodeHeapSize                  = 122909434                              {pd product} {ergonomic}
    uintx ProfiledCodeHeapSize                     = 122909434                              {pd product} {ergonomic}
    uintx ReservedCodeCacheSize                    = 251658240                              {pd product} {ergonomic}
     bool SegmentedCodeCache                       = true                                      {product} {ergonomic}
     bool ShowCodeDetailsInExceptionMessages       = true                                   {manageable} {command line}
   size_t SoftMaxHeapSize                          = 8547991552                             {manageable} {ergonomic}
     bool UseCompressedOops                        = true                           {product lp64_product} {ergonomic}
     bool UseG1GC                                  = true                                      {product} {ergonomic}
     bool UseLargePagesIndividualAllocation        = false                                  {pd product} {ergonomic}

Logging:
Log output configuration:
 #0: stdout all=warning uptime,level,tags foldmultilines=false
 #1: stderr all=off uptime,level,tags foldmultilines=false

Environment Variables:
PATH=C:\Program Files\Common Files\Oracle\Java\javapath;C:\Windows\system32;C:\Windows;C:\Windows\System32\Wbem;C:\Windows\System32\WindowsPowerShell\v1.0\;C:\Windows\System32\OpenSSH\;C:\Program Files\Git\cmd;C:\Program Files (x86)\Microsoft SQL Server\160\DTS\Binn\;C:\Program Files\Azure Data Studio\bin;C:\Program Files (x86)\Microsoft SQL Server\160\Tools\Binn\;C:\Program Files\Microsoft SQL Server\160\Tools\Binn\;C:\Program Files\Microsoft SQL Server\Client SDK\ODBC\170\Tools\Binn\;C:\Program Files\Microsoft SQL Server\160\DTS\Binn\;C:\Program Files\nodejs\;C:\wamp64\bin\php\php8.2.0;C:\ProgramData\ComposerSetup\bin;C:\Users\augur\AppData\Local\Microsoft\WindowsApps;C:\Users\augur\AppData\Local\Programs\Microsoft VS Code\bin;C:\Program Files\Azure Data Studio\bin;C:\Users\augur\AppData\Roaming\npm;C:\wamp64\bin\symfony;C:\Users\augur\AppData\Roaming\Composer\vendor\bin
USERNAME=augur
OS=Windows_NT
PROCESSOR_IDENTIFIER=Intel64 Family 6 Model 154 Stepping 4, GenuineIntel
TMP=C:\Users\augur\AppData\Local\Temp
TEMP=C:\Users\augur\AppData\Local\Temp




Periodic native trim disabled

---------------  S Y S T E M  ---------------

OS:
 Windows 11 , 64 bit Build 22621 (10.0.22621.3085)
OS uptime: 0 days 22:45 hours
Hyper-V role detected

CPU: total 12 (initial active 12) (6 cores per cpu, 2 threads per core) family 6 model 154 stepping 4 microcode 0x429, cx8, cmov, fxsr, ht, mmx, 3dnowpref, sse, sse2, sse3, ssse3, sse4.1, sse4.2, popcnt, lzcnt, tsc, tscinvbit, avx, avx2, aes, erms, clmul, bmi1, bmi2, adx, sha, fma, vzeroupper, clflush, clflushopt, clwb, hv, serialize, rdtscp, rdpid, fsrm, f16c, cet_ibt, cet_ss
Processor Information for processor 0
  Max Mhz: 2700, Current Mhz: 1826, Mhz Limit: 1809
Processor Information for processor 1
  Max Mhz: 2700, Current Mhz: 1826, Mhz Limit: 1809
Processor Information for processor 2
  Max Mhz: 2700, Current Mhz: 1826, Mhz Limit: 1809
Processor Information for processor 3
  Max Mhz: 2700, Current Mhz: 1508, Mhz Limit: 1809
Processor Information for processor 4
  Max Mhz: 2700, Current Mhz: 1300, Mhz Limit: 1296
Processor Information for processor 5
  Max Mhz: 2700, Current Mhz: 1300, Mhz Limit: 1296
Processor Information for processor 6
  Max Mhz: 2700, Current Mhz: 1300, Mhz Limit: 1296
Processor Information for processor 7
  Max Mhz: 2700, Current Mhz: 1300, Mhz Limit: 1296
Processor Information for processor 8
  Max Mhz: 2700, Current Mhz: 1300, Mhz Limit: 1296
Processor Information for processor 9
  Max Mhz: 2700, Current Mhz: 1300, Mhz Limit: 1296
Processor Information for processor 10
  Max Mhz: 2700, Current Mhz: 1300, Mhz Limit: 1296
Processor Information for processor 11
  Max Mhz: 2700, Current Mhz: 1300, Mhz Limit: 1296

Memory: 4k page, system-wide physical 32592M (6943M free)
TotalPageFile size 130896M (AvailPageFile size 280M)
current process WorkingSet (physical memory assigned to process): 11M, peak: 11M
current process commit charge ("private bytes"): 64M, peak: 576M

vm_info: Java HotSpot(TM) 64-Bit Server VM (21.0.2+13-LTS-58) for windows-amd64 JRE (21.0.2+13-LTS-58), built on 2024-01-05T18:32:24Z by "mach5one" with MS VC++ 17.1 (VS2022)

END.
